[0926/142250.530:INFO:CONSOLE(0)] "Error with Permissions-Policy header: Feature xr-spatial-tracking's parameters are ignored.", source:  (0)
[0926/142250.530:INFO:CONSOLE(0)] "Error with Permissions-Policy header: Origin trial controlled feature not enabled: 'attribution-reporting'.", source:  (0)
[0926/142250.530:INFO:CONSOLE(0)] "Error with Permissions-Policy header: Unrecognized feature: 'compute-pressure'.", source:  (0)
[0926/142250.530:INFO:CONSOLE(0)] "Error with Permissions-Policy header: Origin trial controlled feature not enabled: 'interest-cohort'.", source:  (0)
[0926/142250.530:INFO:CONSOLE(0)] "Error with Permissions-Policy header: Unrecognized feature: 'private-state-token-issuance'.", source:  (0)
[0926/142250.530:INFO:CONSOLE(0)] "Error with Permissions-Policy header: Origin trial controlled feature not enabled: 'shared-storage'.", source:  (0)
[0926/142250.531:INFO:CONSOLE(0)] "Error with Permissions-Policy header: Unrecognized feature: 'shared-storage-select-url'.", source:  (0)
[0926/142250.531:INFO:CONSOLE(0)] "Error with Permissions-Policy header: Unrecognized feature: 'private-state-token-redemption'.", source:  (0)
[0926/142250.531:INFO:CONSOLE(0)] "Error with Permissions-Policy header: Unrecognized feature: 'unload'.", source:  (0)
[0926/142250.531:INFO:CONSOLE(0)] "Error with Permissions-Policy header: Unrecognized feature: 'window-management'.", source:  (0)
[0926/142250.531:INFO:CONSOLE(0)] "Document-Policy HTTP header: Unrecognized document policy feature name include-js-call-stacks-in-crash-reports.", source: https://web.whatsapp.com/ (0)
[0926/142303.721:ERROR:cache_util_win.cc(20)] Unable to move the cache: Access is denied. (0x5)
[0926/142303.722:ERROR:cache_util_win.cc(20)] Unable to move the cache: Access is denied. (0x5)
[0926/142303.723:ERROR:disk_cache.cc(205)] Unable to create cache
[0926/142303.723:ERROR:gpu_disk_cache.cc(673)] Gpu Cache Creation failed: -2
[0926/142303.723:ERROR:disk_cache.cc(205)] Unable to create cache
[0926/142303.723:ERROR:gpu_disk_cache.cc(673)] Gpu Cache Creation failed: -2
[0926/142303.828:ERROR:cache_util_win.cc(20)] Unable to move the cache: Access is denied. (0x5)
[0926/142303.828:ERROR:disk_cache.cc(205)] Unable to create cache
[0926/142304.323:ERROR:cache_util_win.cc(20)] Unable to move the cache: Access is denied. (0x5)
[0926/142304.323:ERROR:disk_cache.cc(205)] Unable to create cache
[0926/142304.324:ERROR:gpu_disk_cache.cc(673)] Gpu Cache Creation failed: -2
[0926/142304.324:ERROR:cache_util_win.cc(20)] Unable to move the cache: Access is denied. (0x5)
[0926/142304.325:ERROR:disk_cache.cc(205)] Unable to create cache
[0926/142304.325:ERROR:gpu_disk_cache.cc(673)] Gpu Cache Creation failed: -2
[0926/142304.420:INFO:CONSOLE(0)] "Error with Permissions-Policy header: Feature xr-spatial-tracking's parameters are ignored.", source:  (0)
[0926/142304.420:INFO:CONSOLE(0)] "Error with Permissions-Policy header: Origin trial controlled feature not enabled: 'attribution-reporting'.", source:  (0)
[0926/142304.420:INFO:CONSOLE(0)] "Error with Permissions-Policy header: Unrecognized feature: 'compute-pressure'.", source:  (0)
[0926/142304.420:INFO:CONSOLE(0)] "Error with Permissions-Policy header: Origin trial controlled feature not enabled: 'interest-cohort'.", source:  (0)
[0926/142304.420:INFO:CONSOLE(0)] "Error with Permissions-Policy header: Unrecognized feature: 'private-state-token-issuance'.", source:  (0)
[0926/142304.420:INFO:CONSOLE(0)] "Error with Permissions-Policy header: Origin trial controlled feature not enabled: 'shared-storage'.", source:  (0)
[0926/142304.420:INFO:CONSOLE(0)] "Error with Permissions-Policy header: Unrecognized feature: 'shared-storage-select-url'.", source:  (0)
[0926/142304.420:INFO:CONSOLE(0)] "Error with Permissions-Policy header: Unrecognized feature: 'private-state-token-redemption'.", source:  (0)
[0926/142304.420:INFO:CONSOLE(0)] "Error with Permissions-Policy header: Unrecognized feature: 'unload'.", source:  (0)
[0926/142304.420:INFO:CONSOLE(0)] "Error with Permissions-Policy header: Unrecognized feature: 'window-management'.", source:  (0)
[0926/142304.420:INFO:CONSOLE(0)] "Document-Policy HTTP header: Unrecognized document policy feature name include-js-call-stacks-in-crash-reports.", source: https://web.whatsapp.com/ (0)
[0926/142312.871:ERROR:cache_util_win.cc(20)] Unable to move the cache: Access is denied. (0x5)
[0926/142312.871:ERROR:cache_util_win.cc(20)] Unable to move the cache: Access is denied. (0x5)
[0926/142312.872:ERROR:disk_cache.cc(205)] Unable to create cache
[0926/142312.872:ERROR:gpu_disk_cache.cc(673)] Gpu Cache Creation failed: -2
[0926/142312.872:ERROR:disk_cache.cc(205)] Unable to create cache
[0926/142312.872:ERROR:gpu_disk_cache.cc(673)] Gpu Cache Creation failed: -2
[0926/142314.912:ERROR:cache_util_win.cc(20)] Unable to move the cache: Access is denied. (0x5)
[0926/142314.913:ERROR:disk_cache.cc(205)] Unable to create cache
[0926/142315.327:ERROR:cache_util_win.cc(20)] Unable to move the cache: Access is denied. (0x5)
[0926/142315.327:ERROR:cache_util_win.cc(20)] Unable to move the cache: Access is denied. (0x5)
[0926/142315.327:ERROR:disk_cache.cc(205)] Unable to create cache
[0926/142315.328:ERROR:gpu_disk_cache.cc(673)] Gpu Cache Creation failed: -2
[0926/142315.328:ERROR:disk_cache.cc(205)] Unable to create cache
[0926/142315.328:ERROR:gpu_disk_cache.cc(673)] Gpu Cache Creation failed: -2
[0926/142315.400:INFO:CONSOLE(0)] "Error with Permissions-Policy header: Feature xr-spatial-tracking's parameters are ignored.", source:  (0)
[0926/142315.400:INFO:CONSOLE(0)] "Error with Permissions-Policy header: Origin trial controlled feature not enabled: 'attribution-reporting'.", source:  (0)
[0926/142315.400:INFO:CONSOLE(0)] "Error with Permissions-Policy header: Unrecognized feature: 'compute-pressure'.", source:  (0)
[0926/142315.400:INFO:CONSOLE(0)] "Error with Permissions-Policy header: Origin trial controlled feature not enabled: 'interest-cohort'.", source:  (0)
[0926/142315.400:INFO:CONSOLE(0)] "Error with Permissions-Policy header: Unrecognized feature: 'private-state-token-issuance'.", source:  (0)
[0926/142315.400:INFO:CONSOLE(0)] "Error with Permissions-Policy header: Origin trial controlled feature not enabled: 'shared-storage'.", source:  (0)
[0926/142315.400:INFO:CONSOLE(0)] "Error with Permissions-Policy header: Unrecognized feature: 'shared-storage-select-url'.", source:  (0)
[0926/142315.400:INFO:CONSOLE(0)] "Error with Permissions-Policy header: Unrecognized feature: 'private-state-token-redemption'.", source:  (0)
[0926/142315.400:INFO:CONSOLE(0)] "Error with Permissions-Policy header: Unrecognized feature: 'unload'.", source:  (0)
[0926/142315.400:INFO:CONSOLE(0)] "Error with Permissions-Policy header: Unrecognized feature: 'window-management'.", source:  (0)
[0926/142315.400:INFO:CONSOLE(0)] "Document-Policy HTTP header: Unrecognized document policy feature name include-js-call-stacks-in-crash-reports.", source: https://web.whatsapp.com/ (0)
[0926/142315.897:ERROR:service_worker_storage.cc(1933)] Failed to delete the database: Database IO error
[0926/142331.480:ERROR:cache_util_win.cc(20)] Unable to move the cache: Access is denied. (0x5)
[0926/142331.480:ERROR:cache_util_win.cc(20)] Unable to move the cache: Access is denied. (0x5)
[0926/142331.481:ERROR:disk_cache.cc(205)] Unable to create cache
[0926/142331.481:ERROR:gpu_disk_cache.cc(673)] Gpu Cache Creation failed: -2
[0926/142331.481:ERROR:disk_cache.cc(205)] Unable to create cache
[0926/142331.481:ERROR:gpu_disk_cache.cc(673)] Gpu Cache Creation failed: -2
[0926/142333.532:ERROR:cache_util_win.cc(20)] Unable to move the cache: Access is denied. (0x5)
[0926/142333.533:ERROR:disk_cache.cc(205)] Unable to create cache
[0926/142334.509:ERROR:service_worker_storage.cc(1933)] Failed to delete the database: Database IO error
[0926/142334.957:ERROR:cache_util_win.cc(20)] Unable to move the cache: Access is denied. (0x5)
[0926/142334.958:ERROR:cache_util_win.cc(20)] Unable to move the cache: Access is denied. (0x5)
[0926/142334.958:ERROR:disk_cache.cc(205)] Unable to create cache
[0926/142334.958:ERROR:gpu_disk_cache.cc(673)] Gpu Cache Creation failed: -2
[0926/142334.960:ERROR:disk_cache.cc(205)] Unable to create cache
[0926/142334.960:ERROR:gpu_disk_cache.cc(673)] Gpu Cache Creation failed: -2
[0926/142335.053:INFO:CONSOLE(0)] "Error with Permissions-Policy header: Feature xr-spatial-tracking's parameters are ignored.", source:  (0)
[0926/142335.053:INFO:CONSOLE(0)] "Error with Permissions-Policy header: Origin trial controlled feature not enabled: 'attribution-reporting'.", source:  (0)
[0926/142335.053:INFO:CONSOLE(0)] "Error with Permissions-Policy header: Unrecognized feature: 'compute-pressure'.", source:  (0)
[0926/142335.053:INFO:CONSOLE(0)] "Error with Permissions-Policy header: Origin trial controlled feature not enabled: 'interest-cohort'.", source:  (0)
[0926/142335.053:INFO:CONSOLE(0)] "Error with Permissions-Policy header: Unrecognized feature: 'private-state-token-issuance'.", source:  (0)
[0926/142335.053:INFO:CONSOLE(0)] "Error with Permissions-Policy header: Origin trial controlled feature not enabled: 'shared-storage'.", source:  (0)
[0926/142335.053:INFO:CONSOLE(0)] "Error with Permissions-Policy header: Unrecognized feature: 'shared-storage-select-url'.", source:  (0)
[0926/142335.053:INFO:CONSOLE(0)] "Error with Permissions-Policy header: Unrecognized feature: 'private-state-token-redemption'.", source:  (0)
[0926/142335.053:INFO:CONSOLE(0)] "Error with Permissions-Policy header: Unrecognized feature: 'unload'.", source:  (0)
[0926/142335.053:INFO:CONSOLE(0)] "Error with Permissions-Policy header: Unrecognized feature: 'window-management'.", source:  (0)
[0926/142335.053:INFO:CONSOLE(0)] "Document-Policy HTTP header: Unrecognized document policy feature name include-js-call-stacks-in-crash-reports.", source: https://web.whatsapp.com/ (0)
[0926/142343.852:INFO:CONSOLE(115)] "Event handler of 'x-storagemutated-1' event must be added on the initial evaluation of worker script.", source: https://static.whatsapp.net/rsrc.php/v4/yH/r/E_tQNhojTkb.js (115)
[0926/142417.906:ERROR:quota_database.cc(929)] Could not open the quota database, resetting.
[0926/142421.420:ERROR:cache_util_win.cc(20)] Unable to move the cache: Access is denied. (0x5)
[0926/142421.421:ERROR:cache_util_win.cc(20)] Unable to move the cache: Access is denied. (0x5)
[0926/142421.422:ERROR:disk_cache.cc(205)] Unable to create cache
[0926/142421.422:ERROR:gpu_disk_cache.cc(673)] Gpu Cache Creation failed: -2
[0926/142421.422:ERROR:disk_cache.cc(205)] Unable to create cache
[0926/142421.422:ERROR:gpu_disk_cache.cc(673)] Gpu Cache Creation failed: -2
[0926/142422.340:ERROR:quota_database.cc(929)] Could not open the quota database, resetting.
[0926/142423.459:ERROR:cache_util_win.cc(20)] Unable to move the cache: Access is denied. (0x5)
[0926/142423.459:ERROR:disk_cache.cc(205)] Unable to create cache
[0926/142423.934:ERROR:cache_util_win.cc(20)] Unable to move the cache: Access is denied. (0x5)
[0926/142423.935:ERROR:cache_util_win.cc(20)] Unable to move the cache: Access is denied. (0x5)
[0926/142423.935:ERROR:disk_cache.cc(205)] Unable to create cache
[0926/142423.935:ERROR:gpu_disk_cache.cc(673)] Gpu Cache Creation failed: -2
[0926/142423.936:ERROR:disk_cache.cc(205)] Unable to create cache
[0926/142423.936:ERROR:gpu_disk_cache.cc(673)] Gpu Cache Creation failed: -2
[0926/142423.999:INFO:CONSOLE(0)] "Error with Permissions-Policy header: Feature xr-spatial-tracking's parameters are ignored.", source:  (0)
[0926/142423.999:INFO:CONSOLE(0)] "Error with Permissions-Policy header: Origin trial controlled feature not enabled: 'attribution-reporting'.", source:  (0)
[0926/142423.999:INFO:CONSOLE(0)] "Error with Permissions-Policy header: Unrecognized feature: 'compute-pressure'.", source:  (0)
[0926/142423.999:INFO:CONSOLE(0)] "Error with Permissions-Policy header: Origin trial controlled feature not enabled: 'interest-cohort'.", source:  (0)
[0926/142424.000:INFO:CONSOLE(0)] "Error with Permissions-Policy header: Unrecognized feature: 'private-state-token-issuance'.", source:  (0)
[0926/142424.000:INFO:CONSOLE(0)] "Error with Permissions-Policy header: Origin trial controlled feature not enabled: 'shared-storage'.", source:  (0)
[0926/142424.000:INFO:CONSOLE(0)] "Error with Permissions-Policy header: Unrecognized feature: 'shared-storage-select-url'.", source:  (0)
[0926/142424.000:INFO:CONSOLE(0)] "Error with Permissions-Policy header: Unrecognized feature: 'private-state-token-redemption'.", source:  (0)
[0926/142424.000:INFO:CONSOLE(0)] "Error with Permissions-Policy header: Unrecognized feature: 'unload'.", source:  (0)
[0926/142424.000:INFO:CONSOLE(0)] "Error with Permissions-Policy header: Unrecognized feature: 'window-management'.", source:  (0)
[0926/142424.000:INFO:CONSOLE(0)] "Document-Policy HTTP header: Unrecognized document policy feature name include-js-call-stacks-in-crash-reports.", source: https://web.whatsapp.com/ (0)
[0926/142424.454:ERROR:service_worker_storage.cc(1933)] Failed to delete the database: Database IO error
[0926/142425.278:ERROR:quota_database.cc(931)] Failed to reset the quota database.
[0926/142425.278:ERROR:quota_database.cc(931)] Failed to reset the quota database.
